빌드 시작: 2015-10-28 오후 7:53:15
     1>2 노드의 "C:\Users\san415\Desktop\201221118_미디어_진민호_10_28\201221118_미디어_진민호_10_28\201221118_미디어_진민호_10_28.vcxproj" 프로젝트(build 대상)입니다.
     1>InitializeBuildStatus:
         "AlwaysCreate"이(가) 지정되었기 때문에 "Debug\201221118_미디어_진민호_10_28.unsuccessfulbuild"을(를) 만들고 있습니다.
       ClCompile:
         모든 출력이 최신 상태입니다.
         c:\Program Files (x86)\Microsoft Visual Studio 10.0\VC\bin\CL.exe /c /I. /I./egl /ZI /nologo /W3 /WX- /Od /Oy- /D WIN32 /D _DEBUG /D _WINDOWS /D _UNICODE /D UNICODE /Gm /EHsc /RTC1 /MDd /GS /fp:precise /Zc:wchar_t /Zc:forScope /Fo"Debug\\" /Fd"Debug\vc100.pdb" /Gd /TP /analyze- /errorReport:prompt "201221118_미디어_진민호_10_28.cpp"
         201221118_미디어_진민호_10_28.cpp
     1>c:\users\san415\desktop\201221118_미디어_진민호_10_28\201221118_미디어_진민호_10_28\201221118_미디어_진민호_10_28.cpp(31): warning C4091: 'typedef ' : 변수를 선언하지 않으면 'stateball' 왼쪽은 무시됩니다.
     1>c:\users\san415\desktop\201221118_미디어_진민호_10_28\201221118_미디어_진민호_10_28\201221118_미디어_진민호_10_28.cpp(256): warning C4244: '인수' : 'int'에서 'VGfloat'(으)로 변환하면서 데이터가 손실될 수 있습니다.
     1>c:\users\san415\desktop\201221118_미디어_진민호_10_28\201221118_미디어_진민호_10_28\201221118_미디어_진민호_10_28.cpp(256): warning C4244: '인수' : 'int'에서 'VGfloat'(으)로 변환하면서 데이터가 손실될 수 있습니다.
       ResourceCompile:
         모든 출력이 최신 상태입니다.
       ManifestResourceCompile:
         모든 출력이 최신 상태입니다.
       Link:
         c:\Program Files (x86)\Microsoft Visual Studio 10.0\VC\bin\link.exe /ERRORREPORT:PROMPT /OUT:"C:\Users\san415\Desktop\201221118_미디어_진민호_10_28\Debug\201221118_미디어_진민호_10_28.exe" /INCREMENTAL /NOLOGO opengl32.lib libopenvg.lib kernel32.lib user32.lib gdi32.lib winspool.lib comdlg32.lib advapi32.lib shell32.lib ole32.lib oleaut32.lib uuid.lib odbc32.lib odbccp32.lib kernel32.lib user32.lib gdi32.lib winspool.lib comdlg32.lib advapi32.lib shell32.lib ole32.lib oleaut32.lib uuid.lib odbc32.lib odbccp32.lib /MANIFEST /ManifestFile:"Debug\201221118_미디어_진민호_10_28.exe.intermediate.manifest" /MANIFESTUAC:"level='asInvoker' uiAccess='false'" /DEBUG /PDB:"C:\Users\san415\Desktop\201221118_미디어_진민호_10_28\Debug\201221118_미디어_진민호_10_28.pdb" /SUBSYSTEM:WINDOWS /TLBID:1 /DYNAMICBASE /NXCOMPAT /IMPLIB:"C:\Users\san415\Desktop\201221118_미디어_진민호_10_28\Debug\201221118_미디어_진민호_10_28.lib" /MACHINE:X86 "Debug\201221118_미디어_진민호_10_28.res"
         "Debug\201221118_미디어_진민호_10_28.exe.embed.manifest.res"
         "Debug\201221118_미디어_진민호_10_28.obj"
         Debug\egl.obj
         Debug\stdafx.obj
       Manifest:
         C:\Program Files (x86)\Microsoft SDKs\Windows\v7.0A\bin\mt.exe /nologo /verbose /out:"Debug\201221118_미디어_진민호_10_28.exe.embed.manifest" /manifest "Debug\201221118_미디어_진민호_10_28.exe.intermediate.manifest"
         모든 출력이 최신 상태입니다.
       LinkEmbedManifest:
         모든 출력이 최신 상태입니다.
         201221118_미디어_진민호_10_28.vcxproj -> C:\Users\san415\Desktop\201221118_미디어_진민호_10_28\Debug\201221118_미디어_진민호_10_28.exe
       FinalizeBuildStatus:
         "Debug\201221118_미디어_진민호_10_28.unsuccessfulbuild" 파일을 삭제하고 있습니다.
         "Debug\201221118_미디어_진민호_10_28.lastbuildstate"에 연결(touching)하고 있습니다.
     1>"C:\Users\san415\Desktop\201221118_미디어_진민호_10_28\201221118_미디어_진민호_10_28\201221118_미디어_진민호_10_28.vcxproj" 프로젝트를 빌드했습니다(build 대상).

빌드했습니다.

경과 시간: 00:00:00.84
